The system is: Linux - 5.4.0-137-generic - x86_64
Compiling the C compiler identification source file "CMakeCCompilerId.c" succeeded.
Compiler: /home/firstuser/.leaf/mangOH-yellow-wp77xx-toolchain_0.7.0-linux64/sysroots/x86_64-pokysdk-linux/usr/bin/arm-poky-linux-gnueabi/arm-poky-linux-gnueabi-gcc -march=armv7-a;-mfpu=neon;-mfloat-abi=softfp;--sysroot=/home/firstuser/.leaf/mangOH-yellow-wp77xx-toolchain_0.7.0-linux64/sysroots/armv7a-neon-poky-linux-gnueabi
Build flags: -DSIERRA;-O2;-pipe;-g;-feliminate-unused-debug-types;
Id flags:  

The output was:
0


Compilation of the C compiler identification source "CMakeCCompilerId.c" produced "a.out"

The C compiler identification is GNU, found in "/home/firstuser/myWorkspace/mangOH/build/yellow_wp77xx/component/1c5125710c695d91642c59c5a4580863/CMakeFiles/3.10.3/CompilerIdC/a.out"

Compiling the CXX compiler identification source file "CMakeCXXCompilerId.cpp" succeeded.
Compiler: /home/firstuser/.leaf/mangOH-yellow-wp77xx-toolchain_0.7.0-linux64/sysroots/x86_64-pokysdk-linux/usr/bin/arm-poky-linux-gnueabi/arm-poky-linux-gnueabi-g++ -march=armv7-a;-mfpu=neon;-mfloat-abi=softfp;--sysroot=/home/firstuser/.leaf/mangOH-yellow-wp77xx-toolchain_0.7.0-linux64/sysroots/armv7a-neon-poky-linux-gnueabi
Build flags: -DSIERRA;-O2;-pipe;-g;-feliminate-unused-debug-types;
Id flags:  

The output was:
0


Compilation of the CXX compiler identification source "CMakeCXXCompilerId.cpp" produced "a.out"

The CXX compiler identification is GNU, found in "/home/firstuser/myWorkspace/mangOH/build/yellow_wp77xx/component/1c5125710c695d91642c59c5a4580863/CMakeFiles/3.10.3/CompilerIdCXX/a.out"

Determining if the C compiler works passed with the following output:
Change Dir: /home/firstuser/myWorkspace/mangOH/build/yellow_wp77xx/component/1c5125710c695d91642c59c5a4580863/CMakeFiles/CMakeTmp

Run Build Command:"/usr/bin/ninja" "cmTC_f8fe9"
[1/2] Building C object CMakeFiles/cmTC_f8fe9.dir/testCCompiler.c.o
[2/2] Linking C executable cmTC_f8fe9


Detecting C compiler ABI info compiled with the following output:
Change Dir: /home/firstuser/myWorkspace/mangOH/build/yellow_wp77xx/component/1c5125710c695d91642c59c5a4580863/CMakeFiles/CMakeTmp

Run Build Command:"/usr/bin/ninja" "cmTC_b3117"
[1/2] Building C object CMakeFiles/cmTC_b3117.dir/CMakeCCompilerABI.c.o
[2/2] Linking C executable cmTC_b3117
Using built-in specs.
COLLECT_GCC=/home/firstuser/.leaf/mangOH-yellow-wp77xx-toolchain_0.7.0-linux64/sysroots/x86_64-pokysdk-linux/usr/bin/arm-poky-linux-gnueabi/arm-poky-linux-gnueabi-gcc
COLLECT_LTO_WRAPPER=/home/firstuser/.leaf/mangOH-yellow-wp77xx-toolchain_0.7.0-linux64/sysroots/x86_64-pokysdk-linux/usr/libexec/arm-poky-linux-gnueabi/gcc/arm-poky-linux-gnueabi/7.3.0/lto-wrapper
Target: arm-poky-linux-gnueabi
Configured with: ../../../../../../work-shared/gcc-7.3.0-r0/gcc-7.3.0/configure --build=x86_64-linux --host=x86_64-pokysdk-linux --target=arm-poky-linux-gnueabi --prefix=/opt/swi/y25-ext/sysroots/x86_64-pokysdk-linux/usr --exec_prefix=/opt/swi/y25-ext/sysroots/x86_64-pokysdk-linux/usr --bindir=/opt/swi/y25-ext/sysroots/x86_64-pokysdk-linux/usr/bin/arm-poky-linux-gnueabi --sbindir=/opt/swi/y25-ext/sysroots/x86_64-pokysdk-linux/usr/bin/arm-poky-linux-gnueabi --libexecdir=/opt/swi/y25-ext/sysroots/x86_64-pokysdk-linux/usr/libexec/arm-poky-linux-gnueabi --datadir=/opt/swi/y25-ext/sysroots/x86_64-pokysdk-linux/usr/share --sysconfdir=/opt/swi/y25-ext/sysroots/x86_64-pokysdk-linux/etc --sharedstatedir=/opt/swi/y25-ext/sysroots/x86_64-pokysdk-linux/com --localstatedir=/opt/swi/y25-ext/sysroots/x86_64-pokysdk-linux/var --libdir=/opt/swi/y25-ext/sysroots/x86_64-pokysdk-linux/usr/lib/arm-poky-linux-gnueabi --includedir=/opt/swi/y25-ext/sysroots/x86_64-pokysdk-linux/usr/include --oldincludedir=/opt/swi/y25-ext/sysroots/x86_64-pokysdk-linux/usr/include --infodir=/opt/swi/y25-ext/sysroots/x86_64-pokysdk-linux/usr/share/info --mandir=/opt/swi/y25-ext/sysroots/x86_64-pokysdk-linux/usr/share/man --disable-silent-rules --disable-dependency-tracking --with-libtool-sysroot=/home/asyal/mangOH_release/build/yocto-yellow-wp77xx/build_bin/tmp/work/x86_64-nativesdk-pokysdk-linux/gcc-cross-canadian-arm/7.3.0-r0/recipe-sysroot --with-gnu-ld --enable-shared --enable-languages=c,c++ --enable-threads=posix --enable-multilib --enable-default-pie --enable-c99 --enable-long-long --enable-symvers=gnu --enable-libstdcxx-pch --program-prefix=arm-poky-linux-gnueabi- --without-local-prefix --enable-lto --enable-libssp --enable-libitm --disable-bootstrap --disable-libmudflap --with-system-zlib --with-linker-hash-style=gnu --enable-linker-build-id --with-ppl=no --with-cloog=no --enable-checking=release --enable-cheaders=c_global --without-isl --with-gxx-include-dir=/not/exist/usr/include/c++/7.3.0 --with-build-time-tools=/home/asyal/mangOH_release/build/yocto-yellow-wp77xx/build_bin/tmp/work/x86_64-nativesdk-pokysdk-linux/gcc-cross-canadian-arm/7.3.0-r0/recipe-sysroot-native/usr/arm-poky-linux-gnueabi/bin --with-sysroot=/not/exist --with-build-sysroot=/home/asyal/mangOH_release/build/yocto-yellow-wp77xx/build_bin/tmp/work/x86_64-nativesdk-pokysdk-linux/gcc-cross-canadian-arm/7.3.0-r0/recipe-sysroot --without-long-double-128 --enable-poison-system-directories --with-mpfr=/home/asyal/mangOH_release/build/yocto-yellow-wp77xx/build_bin/tmp/work/x86_64-nativesdk-pokysdk-linux/gcc-cross-canadian-arm/7.3.0-r0/recipe-sysroot --with-mpc=/home/asyal/mangOH_release/build/yocto-yellow-wp77xx/build_bin/tmp/work/x86_64-nativesdk-pokysdk-linux/gcc-cross-canadian-arm/7.3.0-r0/recipe-sysroot --disable-static --enable-nls --enable-initfini-array
Thread model: posix
gcc version 7.3.0 (GCC) 
COMPILER_PATH=/home/firstuser/.leaf/mangOH-yellow-wp77xx-toolchain_0.7.0-linux64/sysroots/x86_64-pokysdk-linux/usr/libexec/arm-poky-linux-gnueabi/gcc/arm-poky-linux-gnueabi/7.3.0/:/home/firstuser/.leaf/mangOH-yellow-wp77xx-toolchain_0.7.0-linux64/sysroots/x86_64-pokysdk-linux/usr/libexec/arm-poky-linux-gnueabi/gcc/arm-poky-linux-gnueabi/7.3.0/:/home/firstuser/.leaf/mangOH-yellow-wp77xx-toolchain_0.7.0-linux64/sysroots/x86_64-pokysdk-linux/usr/libexec/arm-poky-linux-gnueabi/gcc/arm-poky-linux-gnueabi/:/home/firstuser/.leaf/mangOH-yellow-wp77xx-toolchain_0.7.0-linux64/sysroots/x86_64-pokysdk-linux/usr/lib/arm-poky-linux-gnueabi/gcc/arm-poky-linux-gnueabi/7.3.0/:/home/firstuser/.leaf/mangOH-yellow-wp77xx-toolchain_0.7.0-linux64/sysroots/x86_64-pokysdk-linux/usr/lib/arm-poky-linux-gnueabi/gcc/arm-poky-linux-gnueabi/
LIBRARY_PATH=/home/firstuser/.leaf/mangOH-yellow-wp77xx-toolchain_0.7.0-linux64/sysroots/x86_64-pokysdk-linux/usr/lib/arm-poky-linux-gnueabi/gcc/arm-poky-linux-gnueabi/7.3.0/:/home/firstuser/.leaf/mangOH-yellow-wp77xx-toolchain_0.7.0-linux64/sysroots/armv7a-neon-poky-linux-gnueabi/lib/:/home/firstuser/.leaf/mangOH-yellow-wp77xx-toolchain_0.7.0-linux64/sysroots/armv7a-neon-poky-linux-gnueabi/usr/lib/arm-poky-linux-gnueabi/7.3.0/:/home/firstuser/.leaf/mangOH-yellow-wp77xx-toolchain_0.7.0-linux64/sysroots/armv7a-neon-poky-linux-gnueabi/usr/lib/
COLLECT_GCC_OPTIONS='--sysroot=/home/firstuser/.leaf/mangOH-yellow-wp77xx-toolchain_0.7.0-linux64/sysroots/armv7a-neon-poky-linux-gnueabi' '-march=armv7-a' '-mfpu=neon' '-mfloat-abi=softfp' '-D' 'SIERRA' '-O2' '-pipe' '-g' '-feliminate-unused-debug-types' '-v' '-o' 'cmTC_b3117' '-mtls-dialect=gnu'
 /home/firstuser/.leaf/mangOH-yellow-wp77xx-toolchain_0.7.0-linux64/sysroots/x86_64-pokysdk-linux/usr/libexec/arm-poky-linux-gnueabi/gcc/arm-poky-linux-gnueabi/7.3.0/collect2 -plugin /home/firstuser/.leaf/mangOH-yellow-wp77xx-toolchain_0.7.0-linux64/sysroots/x86_64-pokysdk-linux/usr/libexec/arm-poky-linux-gnueabi/gcc/arm-poky-linux-gnueabi/7.3.0/liblto_plugin.so -plugin-opt=/home/firstuser/.leaf/mangOH-yellow-wp77xx-toolchain_0.7.0-linux64/sysroots/x86_64-pokysdk-linux/usr/libexec/arm-poky-linux-gnueabi/gcc/arm-poky-linux-gnueabi/7.3.0/lto-wrapper -plugin-opt=-fresolution=/tmp/cc3r1KEu.res -plugin-opt=-pass-through=-lgcc -plugin-opt=-pass-through=-lgcc_s -plugin-opt=-pass-through=-lc -plugin-opt=-pass-through=-lgcc -plugin-opt=-pass-through=-lgcc_s --sysroot=/home/firstuser/.leaf/mangOH-yellow-wp77xx-toolchain_0.7.0-linux64/sysroots/armv7a-neon-poky-linux-gnueabi --build-id --eh-frame-hdr --hash-style=gnu -dynamic-linker /lib/ld-linux.so.3 -X -m armelf_linux_eabi -pie -o cmTC_b3117 /home/firstuser/.leaf/mangOH-yellow-wp77xx-toolchain_0.7.0-linux64/sysroots/armv7a-neon-poky-linux-gnueabi/usr/lib/Scrt1.o /home/firstuser/.leaf/mangOH-yellow-wp77xx-toolchain_0.7.0-linux64/sysroots/armv7a-neon-poky-linux-gnueabi/usr/lib/crti.o /home/firstuser/.leaf/mangOH-yellow-wp77xx-toolchain_0.7.0-linux64/sysroots/armv7a-neon-poky-linux-gnueabi/usr/lib/arm-poky-linux-gnueabi/7.3.0/crtbeginS.o -L/home/firstuser/.leaf/mangOH-yellow-wp77xx-toolchain_0.7.0-linux64/sysroots/x86_64-pokysdk-linux/usr/lib/arm-poky-linux-gnueabi/gcc/arm-poky-linux-gnueabi/7.3.0 -L/home/firstuser/.leaf/mangOH-yellow-wp77xx-toolchain_0.7.0-linux64/sysroots/armv7a-neon-poky-linux-gnueabi/lib -L/home/firstuser/.leaf/mangOH-yellow-wp77xx-toolchain_0.7.0-linux64/sysroots/armv7a-neon-poky-linux-gnueabi/usr/lib/arm-poky-linux-gnueabi/7.3.0 -L/home/firstuser/.leaf/mangOH-yellow-wp77xx-toolchain_0.7.0-linux64/sysroots/armv7a-neon-poky-linux-gnueabi/usr/lib -O1 --hash-style=gnu --as-needed CMakeFiles/cmTC_b3117.dir/CMakeCCompilerABI.c.o -lgcc --as-needed -lgcc_s --no-as-needed -lc -lgcc --as-needed -lgcc_s --no-as-needed /home/firstuser/.leaf/mangOH-yellow-wp77xx-toolchain_0.7.0-linux64/sysroots/armv7a-neon-poky-linux-gnueabi/usr/lib/arm-poky-linux-gnueabi/7.3.0/crtendS.o /home/firstuser/.leaf/mangOH-yellow-wp77xx-toolchain_0.7.0-linux64/sysroots/armv7a-neon-poky-linux-gnueabi/usr/lib/crtn.o
COLLECT_GCC_OPTIONS='--sysroot=/home/firstuser/.leaf/mangOH-yellow-wp77xx-toolchain_0.7.0-linux64/sysroots/armv7a-neon-poky-linux-gnueabi' '-march=armv7-a' '-mfpu=neon' '-mfloat-abi=softfp' '-D' 'SIERRA' '-O2' '-pipe' '-g' '-feliminate-unused-debug-types' '-v' '-o' 'cmTC_b3117' '-mtls-dialect=gnu'


Parsed C implicit link information from above output:
  link line regex: [^( *|.*[/\])(ld|CMAKE_LINK_STARTFILE-NOTFOUND|([^/\]+-)?ld|collect2)[^/\]*( |$)]
  ignore line: [Change Dir: /home/firstuser/myWorkspace/mangOH/build/yellow_wp77xx/component/1c5125710c695d91642c59c5a4580863/CMakeFiles/CMakeTmp]
  ignore line: []
  ignore line: [Run Build Command:"/usr/bin/ninja" "cmTC_b3117"]
  ignore line: [[1/2] Building C object CMakeFiles/cmTC_b3117.dir/CMakeCCompilerABI.c.o]
  ignore line: [[2/2] Linking C executable cmTC_b3117]
  ignore line: [Using built-in specs.]
  ignore line: [COLLECT_GCC=/home/firstuser/.leaf/mangOH-yellow-wp77xx-toolchain_0.7.0-linux64/sysroots/x86_64-pokysdk-linux/usr/bin/arm-poky-linux-gnueabi/arm-poky-linux-gnueabi-gcc]
  ignore line: [COLLECT_LTO_WRAPPER=/home/firstuser/.leaf/mangOH-yellow-wp77xx-toolchain_0.7.0-linux64/sysroots/x86_64-pokysdk-linux/usr/libexec/arm-poky-linux-gnueabi/gcc/arm-poky-linux-gnueabi/7.3.0/lto-wrapper]
  ignore line: [Target: arm-poky-linux-gnueabi]
  ignore line: [Configured with: ../../../../../../work-shared/gcc-7.3.0-r0/gcc-7.3.0/configure --build=x86_64-linux --host=x86_64-pokysdk-linux --target=arm-poky-linux-gnueabi --prefix=/opt/swi/y25-ext/sysroots/x86_64-pokysdk-linux/usr --exec_prefix=/opt/swi/y25-ext/sysroots/x86_64-pokysdk-linux/usr --bindir=/opt/swi/y25-ext/sysroots/x86_64-pokysdk-linux/usr/bin/arm-poky-linux-gnueabi --sbindir=/opt/swi/y25-ext/sysroots/x86_64-pokysdk-linux/usr/bin/arm-poky-linux-gnueabi --libexecdir=/opt/swi/y25-ext/sysroots/x86_64-pokysdk-linux/usr/libexec/arm-poky-linux-gnueabi --datadir=/opt/swi/y25-ext/sysroots/x86_64-pokysdk-linux/usr/share --sysconfdir=/opt/swi/y25-ext/sysroots/x86_64-pokysdk-linux/etc --sharedstatedir=/opt/swi/y25-ext/sysroots/x86_64-pokysdk-linux/com --localstatedir=/opt/swi/y25-ext/sysroots/x86_64-pokysdk-linux/var --libdir=/opt/swi/y25-ext/sysroots/x86_64-pokysdk-linux/usr/lib/arm-poky-linux-gnueabi --includedir=/opt/swi/y25-ext/sysroots/x86_64-pokysdk-linux/usr/include --oldincludedir=/opt/swi/y25-ext/sysroots/x86_64-pokysdk-linux/usr/include --infodir=/opt/swi/y25-ext/sysroots/x86_64-pokysdk-linux/usr/share/info --mandir=/opt/swi/y25-ext/sysroots/x86_64-pokysdk-linux/usr/share/man --disable-silent-rules --disable-dependency-tracking --with-libtool-sysroot=/home/asyal/mangOH_release/build/yocto-yellow-wp77xx/build_bin/tmp/work/x86_64-nativesdk-pokysdk-linux/gcc-cross-canadian-arm/7.3.0-r0/recipe-sysroot --with-gnu-ld --enable-shared --enable-languages=c,c++ --enable-threads=posix --enable-multilib --enable-default-pie --enable-c99 --enable-long-long --enable-symvers=gnu --enable-libstdcxx-pch --program-prefix=arm-poky-linux-gnueabi- --without-local-prefix --enable-lto --enable-libssp --enable-libitm --disable-bootstrap --disable-libmudflap --with-system-zlib --with-linker-hash-style=gnu --enable-linker-build-id --with-ppl=no --with-cloog=no --enable-checking=release --enable-cheaders=c_global --without-isl --with-gxx-include-dir=/not/exist/usr/include/c++/7.3.0 --with-build-time-tools=/home/asyal/mangOH_release/build/yocto-yellow-wp77xx/build_bin/tmp/work/x86_64-nativesdk-pokysdk-linux/gcc-cross-canadian-arm/7.3.0-r0/recipe-sysroot-native/usr/arm-poky-linux-gnueabi/bin --with-sysroot=/not/exist --with-build-sysroot=/home/asyal/mangOH_release/build/yocto-yellow-wp77xx/build_bin/tmp/work/x86_64-nativesdk-pokysdk-linux/gcc-cross-canadian-arm/7.3.0-r0/recipe-sysroot --without-long-double-128 --enable-poison-system-directories --with-mpfr=/home/asyal/mangOH_release/build/yocto-yellow-wp77xx/build_bin/tmp/work/x86_64-nativesdk-pokysdk-linux/gcc-cross-canadian-arm/7.3.0-r0/recipe-sysroot --with-mpc=/home/asyal/mangOH_release/build/yocto-yellow-wp77xx/build_bin/tmp/work/x86_64-nativesdk-pokysdk-linux/gcc-cross-canadian-arm/7.3.0-r0/recipe-sysroot --disable-static --enable-nls --enable-initfini-array]
  ignore line: [Thread model: posix]
  ignore line: [gcc version 7.3.0 (GCC) ]
  ignore line: [COMPILER_PATH=/home/firstuser/.leaf/mangOH-yellow-wp77xx-toolchain_0.7.0-linux64/sysroots/x86_64-pokysdk-linux/usr/libexec/arm-poky-linux-gnueabi/gcc/arm-poky-linux-gnueabi/7.3.0/:/home/firstuser/.leaf/mangOH-yellow-wp77xx-toolchain_0.7.0-linux64/sysroots/x86_64-pokysdk-linux/usr/libexec/arm-poky-linux-gnueabi/gcc/arm-poky-linux-gnueabi/7.3.0/:/home/firstuser/.leaf/mangOH-yellow-wp77xx-toolchain_0.7.0-linux64/sysroots/x86_64-pokysdk-linux/usr/libexec/arm-poky-linux-gnueabi/gcc/arm-poky-linux-gnueabi/:/home/firstuser/.leaf/mangOH-yellow-wp77xx-toolchain_0.7.0-linux64/sysroots/x86_64-pokysdk-linux/usr/lib/arm-poky-linux-gnueabi/gcc/arm-poky-linux-gnueabi/7.3.0/:/home/firstuser/.leaf/mangOH-yellow-wp77xx-toolchain_0.7.0-linux64/sysroots/x86_64-pokysdk-linux/usr/lib/arm-poky-linux-gnueabi/gcc/arm-poky-linux-gnueabi/]
  ignore line: [LIBRARY_PATH=/home/firstuser/.leaf/mangOH-yellow-wp77xx-toolchain_0.7.0-linux64/sysroots/x86_64-pokysdk-linux/usr/lib/arm-poky-linux-gnueabi/gcc/arm-poky-linux-gnueabi/7.3.0/:/home/firstuser/.leaf/mangOH-yellow-wp77xx-toolchain_0.7.0-linux64/sysroots/armv7a-neon-poky-linux-gnueabi/lib/:/home/firstuser/.leaf/mangOH-yellow-wp77xx-toolchain_0.7.0-linux64/sysroots/armv7a-neon-poky-linux-gnueabi/usr/lib/arm-poky-linux-gnueabi/7.3.0/:/home/firstuser/.leaf/mangOH-yellow-wp77xx-toolchain_0.7.0-linux64/sysroots/armv7a-neon-poky-linux-gnueabi/usr/lib/]
  ignore line: [COLLECT_GCC_OPTIONS='--sysroot=/home/firstuser/.leaf/mangOH-yellow-wp77xx-toolchain_0.7.0-linux64/sysroots/armv7a-neon-poky-linux-gnueabi' '-march=armv7-a' '-mfpu=neon' '-mfloat-abi=softfp' '-D' 'SIERRA' '-O2' '-pipe' '-g' '-feliminate-unused-debug-types' '-v' '-o' 'cmTC_b3117' '-mtls-dialect=gnu']
  link line: [ /home/firstuser/.leaf/mangOH-yellow-wp77xx-toolchain_0.7.0-linux64/sysroots/x86_64-pokysdk-linux/usr/libexec/arm-poky-linux-gnueabi/gcc/arm-poky-linux-gnueabi/7.3.0/collect2 -plugin /home/firstuser/.leaf/mangOH-yellow-wp77xx-toolchain_0.7.0-linux64/sysroots/x86_64-pokysdk-linux/usr/libexec/arm-poky-linux-gnueabi/gcc/arm-poky-linux-gnueabi/7.3.0/liblto_plugin.so -plugin-opt=/home/firstuser/.leaf/mangOH-yellow-wp77xx-toolchain_0.7.0-linux64/sysroots/x86_64-pokysdk-linux/usr/libexec/arm-poky-linux-gnueabi/gcc/arm-poky-linux-gnueabi/7.3.0/lto-wrapper -plugin-opt=-fresolution=/tmp/cc3r1KEu.res -plugin-opt=-pass-through=-lgcc -plugin-opt=-pass-through=-lgcc_s -plugin-opt=-pass-through=-lc -plugin-opt=-pass-through=-lgcc -plugin-opt=-pass-through=-lgcc_s --sysroot=/home/firstuser/.leaf/mangOH-yellow-wp77xx-toolchain_0.7.0-linux64/sysroots/armv7a-neon-poky-linux-gnueabi --build-id --eh-frame-hdr --hash-style=gnu -dynamic-linker /lib/ld-linux.so.3 -X -m armelf_linux_eabi -pie -o cmTC_b3117 /home/firstuser/.leaf/mangOH-yellow-wp77xx-toolchain_0.7.0-linux64/sysroots/armv7a-neon-poky-linux-gnueabi/usr/lib/Scrt1.o /home/firstuser/.leaf/mangOH-yellow-wp77xx-toolchain_0.7.0-linux64/sysroots/armv7a-neon-poky-linux-gnueabi/usr/lib/crti.o /home/firstuser/.leaf/mangOH-yellow-wp77xx-toolchain_0.7.0-linux64/sysroots/armv7a-neon-poky-linux-gnueabi/usr/lib/arm-poky-linux-gnueabi/7.3.0/crtbeginS.o -L/home/firstuser/.leaf/mangOH-yellow-wp77xx-toolchain_0.7.0-linux64/sysroots/x86_64-pokysdk-linux/usr/lib/arm-poky-linux-gnueabi/gcc/arm-poky-linux-gnueabi/7.3.0 -L/home/firstuser/.leaf/mangOH-yellow-wp77xx-toolchain_0.7.0-linux64/sysroots/armv7a-neon-poky-linux-gnueabi/lib -L/home/firstuser/.leaf/mangOH-yellow-wp77xx-toolchain_0.7.0-linux64/sysroots/armv7a-neon-poky-linux-gnueabi/usr/lib/arm-poky-linux-gnueabi/7.3.0 -L/home/firstuser/.leaf/mangOH-yellow-wp77xx-toolchain_0.7.0-linux64/sysroots/armv7a-neon-poky-linux-gnueabi/usr/lib -O1 --hash-style=gnu --as-needed CMakeFiles/cmTC_b3117.dir/CMakeCCompilerABI.c.o -lgcc --as-needed -lgcc_s --no-as-needed -lc -lgcc --as-needed -lgcc_s --no-as-needed /home/firstuser/.leaf/mangOH-yellow-wp77xx-toolchain_0.7.0-linux64/sysroots/armv7a-neon-poky-linux-gnueabi/usr/lib/arm-poky-linux-gnueabi/7.3.0/crtendS.o /home/firstuser/.leaf/mangOH-yellow-wp77xx-toolchain_0.7.0-linux64/sysroots/armv7a-neon-poky-linux-gnueabi/usr/lib/crtn.o]
    arg [/home/firstuser/.leaf/mangOH-yellow-wp77xx-toolchain_0.7.0-linux64/sysroots/x86_64-pokysdk-linux/usr/libexec/arm-poky-linux-gnueabi/gcc/arm-poky-linux-gnueabi/7.3.0/collect2] ==> ignore
    arg [-plugin] ==> ignore
    arg [/home/firstuser/.leaf/mangOH-yellow-wp77xx-toolchain_0.7.0-linux64/sysroots/x86_64-pokysdk-linux/usr/libexec/arm-poky-linux-gnueabi/gcc/arm-poky-linux-gnueabi/7.3.0/liblto_plugin.so] ==> ignore
    arg [-plugin-opt=/home/firstuser/.leaf/mangOH-yellow-wp77xx-toolchain_0.7.0-linux64/sysroots/x86_64-pokysdk-linux/usr/libexec/arm-poky-linux-gnueabi/gcc/arm-poky-linux-gnueabi/7.3.0/lto-wrapper] ==> ignore
    arg [-plugin-opt=-fresolution=/tmp/cc3r1KEu.res] ==> ignore
    arg [-plugin-opt=-pass-through=-lgcc] ==> ignore
    arg [-plugin-opt=-pass-through=-lgcc_s] ==> ignore
    arg [-plugin-opt=-pass-through=-lc] ==> ignore
    arg [-plugin-opt=-pass-through=-lgcc] ==> ignore
    arg [-plugin-opt=-pass-through=-lgcc_s] ==> ignore
    arg [--sysroot=/home/firstuser/.leaf/mangOH-yellow-wp77xx-toolchain_0.7.0-linux64/sysroots/armv7a-neon-poky-linux-gnueabi] ==> ignore
    arg [--build-id] ==> ignore
    arg [--eh-frame-hdr] ==> ignore
    arg [--hash-style=gnu] ==> ignore
    arg [-dynamic-linker] ==> ignore
    arg [/lib/ld-linux.so.3] ==> ignore
    arg [-X] ==> ignore
    arg [-m] ==> ignore
    arg [armelf_linux_eabi] ==> ignore
    arg [-pie] ==> ignore
    arg [-o] ==> ignore
    arg [cmTC_b3117] ==> ignore
    arg [/home/firstuser/.leaf/mangOH-yellow-wp77xx-toolchain_0.7.0-linux64/sysroots/armv7a-neon-poky-linux-gnueabi/usr/lib/Scrt1.o] ==> ignore
    arg [/home/firstuser/.leaf/mangOH-yellow-wp77xx-toolchain_0.7.0-linux64/sysroots/armv7a-neon-poky-linux-gnueabi/usr/lib/crti.o] ==> ignore
    arg [/home/firstuser/.leaf/mangOH-yellow-wp77xx-toolchain_0.7.0-linux64/sysroots/armv7a-neon-poky-linux-gnueabi/usr/lib/arm-poky-linux-gnueabi/7.3.0/crtbeginS.o] ==> ignore
    arg [-L/home/firstuser/.leaf/mangOH-yellow-wp77xx-toolchain_0.7.0-linux64/sysroots/x86_64-pokysdk-linux/usr/lib/arm-poky-linux-gnueabi/gcc/arm-poky-linux-gnueabi/7.3.0] ==> dir [/home/firstuser/.leaf/mangOH-yellow-wp77xx-toolchain_0.7.0-linux64/sysroots/x86_64-pokysdk-linux/usr/lib/arm-poky-linux-gnueabi/gcc/arm-poky-linux-gnueabi/7.3.0]
    arg [-L/home/firstuser/.leaf/mangOH-yellow-wp77xx-toolchain_0.7.0-linux64/sysroots/armv7a-neon-poky-linux-gnueabi/lib] ==> dir [/home/firstuser/.leaf/mangOH-yellow-wp77xx-toolchain_0.7.0-linux64/sysroots/armv7a-neon-poky-linux-gnueabi/lib]
    arg [-L/home/firstuser/.leaf/mangOH-yellow-wp77xx-toolchain_0.7.0-linux64/sysroots/armv7a-neon-poky-linux-gnueabi/usr/lib/arm-poky-linux-gnueabi/7.3.0] ==> dir [/home/firstuser/.leaf/mangOH-yellow-wp77xx-toolchain_0.7.0-linux64/sysroots/armv7a-neon-poky-linux-gnueabi/usr/lib/arm-poky-linux-gnueabi/7.3.0]
    arg [-L/home/firstuser/.leaf/mangOH-yellow-wp77xx-toolchain_0.7.0-linux64/sysroots/armv7a-neon-poky-linux-gnueabi/usr/lib] ==> dir [/home/firstuser/.leaf/mangOH-yellow-wp77xx-toolchain_0.7.0-linux64/sysroots/armv7a-neon-poky-linux-gnueabi/usr/lib]
    arg [-O1] ==> ignore
    arg [--hash-style=gnu] ==> ignore
    arg [--as-needed] ==> ignore
    arg [CMakeFiles/cmTC_b3117.dir/CMakeCCompilerABI.c.o] ==> ignore
    arg [-lgcc] ==> lib [gcc]
    arg [--as-needed] ==> ignore
    arg [-lgcc_s] ==> lib [gcc_s]
    arg [--no-as-needed] ==> ignore
    arg [-lc] ==> lib [c]
    arg [-lgcc] ==> lib [gcc]
    arg [--as-needed] ==> ignore
    arg [-lgcc_s] ==> lib [gcc_s]
    arg [--no-as-needed] ==> ignore
    arg [/home/firstuser/.leaf/mangOH-yellow-wp77xx-toolchain_0.7.0-linux64/sysroots/armv7a-neon-poky-linux-gnueabi/usr/lib/arm-poky-linux-gnueabi/7.3.0/crtendS.o] ==> ignore
    arg [/home/firstuser/.leaf/mangOH-yellow-wp77xx-toolchain_0.7.0-linux64/sysroots/armv7a-neon-poky-linux-gnueabi/usr/lib/crtn.o] ==> ignore
  collapse library dir [/home/firstuser/.leaf/mangOH-yellow-wp77xx-toolchain_0.7.0-linux64/sysroots/x86_64-pokysdk-linux/usr/lib/arm-poky-linux-gnueabi/gcc/arm-poky-linux-gnueabi/7.3.0] ==> [/home/firstuser/.leaf/mangOH-yellow-wp77xx-toolchain_0.7.0-linux64/sysroots/x86_64-pokysdk-linux/usr/lib/arm-poky-linux-gnueabi/gcc/arm-poky-linux-gnueabi/7.3.0]
  collapse library dir [/home/firstuser/.leaf/mangOH-yellow-wp77xx-toolchain_0.7.0-linux64/sysroots/armv7a-neon-poky-linux-gnueabi/lib] ==> [/home/firstuser/.leaf/mangOH-yellow-wp77xx-toolchain_0.7.0-linux64/sysroots/armv7a-neon-poky-linux-gnueabi/lib]
  collapse library dir [/home/firstuser/.leaf/mangOH-yellow-wp77xx-toolchain_0.7.0-linux64/sysroots/armv7a-neon-poky-linux-gnueabi/usr/lib/arm-poky-linux-gnueabi/7.3.0] ==> [/home/firstuser/.leaf/mangOH-yellow-wp77xx-toolchain_0.7.0-linux64/sysroots/armv7a-neon-poky-linux-gnueabi/usr/lib/arm-poky-linux-gnueabi/7.3.0]
  collapse library dir [/home/firstuser/.leaf/mangOH-yellow-wp77xx-toolchain_0.7.0-linux64/sysroots/armv7a-neon-poky-linux-gnueabi/usr/lib] ==> [/home/firstuser/.leaf/mangOH-yellow-wp77xx-toolchain_0.7.0-linux64/sysroots/armv7a-neon-poky-linux-gnueabi/usr/lib]
  implicit libs: [gcc;gcc_s;c;gcc;gcc_s]
  implicit dirs: [/home/firstuser/.leaf/mangOH-yellow-wp77xx-toolchain_0.7.0-linux64/sysroots/x86_64-pokysdk-linux/usr/lib/arm-poky-linux-gnueabi/gcc/arm-poky-linux-gnueabi/7.3.0;/home/firstuser/.leaf/mangOH-yellow-wp77xx-toolchain_0.7.0-linux64/sysroots/armv7a-neon-poky-linux-gnueabi/lib;/home/firstuser/.leaf/mangOH-yellow-wp77xx-toolchain_0.7.0-linux64/sysroots/armv7a-neon-poky-linux-gnueabi/usr/lib/arm-poky-linux-gnueabi/7.3.0;/home/firstuser/.leaf/mangOH-yellow-wp77xx-toolchain_0.7.0-linux64/sysroots/armv7a-neon-poky-linux-gnueabi/usr/lib]
  implicit fwks: []




Detecting C [-std=c11] compiler features compiled with the following output:
Change Dir: /home/firstuser/myWorkspace/mangOH/build/yellow_wp77xx/component/1c5125710c695d91642c59c5a4580863/CMakeFiles/CMakeTmp

Run Build Command:"/usr/bin/ninja" "cmTC_e2098"
[1/2] Building C object CMakeFiles/cmTC_e2098.dir/feature_tests.c.o
[2/2] Linking C executable cmTC_e2098


    Feature record: C_FEATURE:1c_function_prototypes
    Feature record: C_FEATURE:1c_restrict
    Feature record: C_FEATURE:1c_static_assert
    Feature record: C_FEATURE:1c_variadic_macros


Detecting C [-std=c99] compiler features compiled with the following output:
Change Dir: /home/firstuser/myWorkspace/mangOH/build/yellow_wp77xx/component/1c5125710c695d91642c59c5a4580863/CMakeFiles/CMakeTmp

Run Build Command:"/usr/bin/ninja" "cmTC_3a48a"
[1/2] Building C object CMakeFiles/cmTC_3a48a.dir/feature_tests.c.o
[2/2] Linking C executable cmTC_3a48a


    Feature record: C_FEATURE:1c_function_prototypes
    Feature record: C_FEATURE:1c_restrict
    Feature record: C_FEATURE:0c_static_assert
    Feature record: C_FEATURE:1c_variadic_macros


Detecting C [-std=c90] compiler features compiled with the following output:
Change Dir: /home/firstuser/myWorkspace/mangOH/build/yellow_wp77xx/component/1c5125710c695d91642c59c5a4580863/CMakeFiles/CMakeTmp

Run Build Command:"/usr/bin/ninja" "cmTC_0e385"
[1/2] Building C object CMakeFiles/cmTC_0e385.dir/feature_tests.c.o
[2/2] Linking C executable cmTC_0e385


    Feature record: C_FEATURE:1c_function_prototypes
    Feature record: C_FEATURE:0c_restrict
    Feature record: C_FEATURE:0c_static_assert
    Feature record: C_FEATURE:0c_variadic_macros
Determining if the CXX compiler works passed with the following output:
Change Dir: /home/firstuser/myWorkspace/mangOH/build/yellow_wp77xx/component/1c5125710c695d91642c59c5a4580863/CMakeFiles/CMakeTmp

Run Build Command:"/usr/bin/ninja" "cmTC_cb73b"
[1/2] Building CXX object CMakeFiles/cmTC_cb73b.dir/testCXXCompiler.cxx.o
[2/2] Linking CXX executable cmTC_cb73b


Detecting CXX compiler ABI info compiled with the following output:
Change Dir: /home/firstuser/myWorkspace/mangOH/build/yellow_wp77xx/component/1c5125710c695d91642c59c5a4580863/CMakeFiles/CMakeTmp

Run Build Command:"/usr/bin/ninja" "cmTC_13631"
[1/2] Building CXX object CMakeFiles/cmTC_13631.dir/CMakeCXXCompilerABI.cpp.o
[2/2] Linking CXX executable cmTC_13631
Using built-in specs.
COLLECT_GCC=/home/firstuser/.leaf/mangOH-yellow-wp77xx-toolchain_0.7.0-linux64/sysroots/x86_64-pokysdk-linux/usr/bin/arm-poky-linux-gnueabi/arm-poky-linux-gnueabi-g++
COLLECT_LTO_WRAPPER=/home/firstuser/.leaf/mangOH-yellow-wp77xx-toolchain_0.7.0-linux64/sysroots/x86_64-pokysdk-linux/usr/libexec/arm-poky-linux-gnueabi/gcc/arm-poky-linux-gnueabi/7.3.0/lto-wrapper
Target: arm-poky-linux-gnueabi
Configured with: ../../../../../../work-shared/gcc-7.3.0-r0/gcc-7.3.0/configure --build=x86_64-linux --host=x86_64-pokysdk-linux --target=arm-poky-linux-gnueabi --prefix=/opt/swi/y25-ext/sysroots/x86_64-pokysdk-linux/usr --exec_prefix=/opt/swi/y25-ext/sysroots/x86_64-pokysdk-linux/usr --bindir=/opt/swi/y25-ext/sysroots/x86_64-pokysdk-linux/usr/bin/arm-poky-linux-gnueabi --sbindir=/opt/swi/y25-ext/sysroots/x86_64-pokysdk-linux/usr/bin/arm-poky-linux-gnueabi --libexecdir=/opt/swi/y25-ext/sysroots/x86_64-pokysdk-linux/usr/libexec/arm-poky-linux-gnueabi --datadir=/opt/swi/y25-ext/sysroots/x86_64-pokysdk-linux/usr/share --sysconfdir=/opt/swi/y25-ext/sysroots/x86_64-pokysdk-linux/etc --sharedstatedir=/opt/swi/y25-ext/sysroots/x86_64-pokysdk-linux/com --localstatedir=/opt/swi/y25-ext/sysroots/x86_64-pokysdk-linux/var --libdir=/opt/swi/y25-ext/sysroots/x86_64-pokysdk-linux/usr/lib/arm-poky-linux-gnueabi --includedir=/opt/swi/y25-ext/sysroots/x86_64-pokysdk-linux/usr/include --oldincludedir=/opt/swi/y25-ext/sysroots/x86_64-pokysdk-linux/usr/include --infodir=/opt/swi/y25-ext/sysroots/x86_64-pokysdk-linux/usr/share/info --mandir=/opt/swi/y25-ext/sysroots/x86_64-pokysdk-linux/usr/share/man --disable-silent-rules --disable-dependency-tracking --with-libtool-sysroot=/home/asyal/mangOH_release/build/yocto-yellow-wp77xx/build_bin/tmp/work/x86_64-nativesdk-pokysdk-linux/gcc-cross-canadian-arm/7.3.0-r0/recipe-sysroot --with-gnu-ld --enable-shared --enable-languages=c,c++ --enable-threads=posix --enable-multilib --enable-default-pie --enable-c99 --enable-long-long --enable-symvers=gnu --enable-libstdcxx-pch --program-prefix=arm-poky-linux-gnueabi- --without-local-prefix --enable-lto --enable-libssp --enable-libitm --disable-bootstrap --disable-libmudflap --with-system-zlib --with-linker-hash-style=gnu --enable-linker-build-id --with-ppl=no --with-cloog=no --enable-checking=release --enable-cheaders=c_global --without-isl --with-gxx-include-dir=/not/exist/usr/include/c++/7.3.0 --with-build-time-tools=/home/asyal/mangOH_release/build/yocto-yellow-wp77xx/build_bin/tmp/work/x86_64-nativesdk-pokysdk-linux/gcc-cross-canadian-arm/7.3.0-r0/recipe-sysroot-native/usr/arm-poky-linux-gnueabi/bin --with-sysroot=/not/exist --with-build-sysroot=/home/asyal/mangOH_release/build/yocto-yellow-wp77xx/build_bin/tmp/work/x86_64-nativesdk-pokysdk-linux/gcc-cross-canadian-arm/7.3.0-r0/recipe-sysroot --without-long-double-128 --enable-poison-system-directories --with-mpfr=/home/asyal/mangOH_release/build/yocto-yellow-wp77xx/build_bin/tmp/work/x86_64-nativesdk-pokysdk-linux/gcc-cross-canadian-arm/7.3.0-r0/recipe-sysroot --with-mpc=/home/asyal/mangOH_release/build/yocto-yellow-wp77xx/build_bin/tmp/work/x86_64-nativesdk-pokysdk-linux/gcc-cross-canadian-arm/7.3.0-r0/recipe-sysroot --disable-static --enable-nls --enable-initfini-array
Thread model: posix
gcc version 7.3.0 (GCC) 
COMPILER_PATH=/home/firstuser/.leaf/mangOH-yellow-wp77xx-toolchain_0.7.0-linux64/sysroots/x86_64-pokysdk-linux/usr/libexec/arm-poky-linux-gnueabi/gcc/arm-poky-linux-gnueabi/7.3.0/:/home/firstuser/.leaf/mangOH-yellow-wp77xx-toolchain_0.7.0-linux64/sysroots/x86_64-pokysdk-linux/usr/libexec/arm-poky-linux-gnueabi/gcc/arm-poky-linux-gnueabi/7.3.0/:/home/firstuser/.leaf/mangOH-yellow-wp77xx-toolchain_0.7.0-linux64/sysroots/x86_64-pokysdk-linux/usr/libexec/arm-poky-linux-gnueabi/gcc/arm-poky-linux-gnueabi/:/home/firstuser/.leaf/mangOH-yellow-wp77xx-toolchain_0.7.0-linux64/sysroots/x86_64-pokysdk-linux/usr/lib/arm-poky-linux-gnueabi/gcc/arm-poky-linux-gnueabi/7.3.0/:/home/firstuser/.leaf/mangOH-yellow-wp77xx-toolchain_0.7.0-linux64/sysroots/x86_64-pokysdk-linux/usr/lib/arm-poky-linux-gnueabi/gcc/arm-poky-linux-gnueabi/
LIBRARY_PATH=/home/firstuser/.leaf/mangOH-yellow-wp77xx-toolchain_0.7.0-linux64/sysroots/x86_64-pokysdk-linux/usr/lib/arm-poky-linux-gnueabi/gcc/arm-poky-linux-gnueabi/7.3.0/:/home/firstuser/.leaf/mangOH-yellow-wp77xx-toolchain_0.7.0-linux64/sysroots/armv7a-neon-poky-linux-gnueabi/lib/:/home/firstuser/.leaf/mangOH-yellow-wp77xx-toolchain_0.7.0-linux64/sysroots/armv7a-neon-poky-linux-gnueabi/usr/lib/arm-poky-linux-gnueabi/7.3.0/:/home/firstuser/.leaf/mangOH-yellow-wp77xx-toolchain_0.7.0-linux64/sysroots/armv7a-neon-poky-linux-gnueabi/usr/lib/
COLLECT_GCC_OPTIONS='--sysroot=/home/firstuser/.leaf/mangOH-yellow-wp77xx-toolchain_0.7.0-linux64/sysroots/armv7a-neon-poky-linux-gnueabi' '-march=armv7-a' '-mfpu=neon' '-mfloat-abi=softfp' '-D' 'SIERRA' '-O2' '-pipe' '-g' '-feliminate-unused-debug-types' '-v' '-o' 'cmTC_13631' '-shared-libgcc' '-mtls-dialect=gnu'
 /home/firstuser/.leaf/mangOH-yellow-wp77xx-toolchain_0.7.0-linux64/sysroots/x86_64-pokysdk-linux/usr/libexec/arm-poky-linux-gnueabi/gcc/arm-poky-linux-gnueabi/7.3.0/collect2 -plugin /home/firstuser/.leaf/mangOH-yellow-wp77xx-toolchain_0.7.0-linux64/sysroots/x86_64-pokysdk-linux/usr/libexec/arm-poky-linux-gnueabi/gcc/arm-poky-linux-gnueabi/7.3.0/liblto_plugin.so -plugin-opt=/home/firstuser/.leaf/mangOH-yellow-wp77xx-toolchain_0.7.0-linux64/sysroots/x86_64-pokysdk-linux/usr/libexec/arm-poky-linux-gnueabi/gcc/arm-poky-linux-gnueabi/7.3.0/lto-wrapper -plugin-opt=-fresolution=/tmp/ccbSVavR.res -plugin-opt=-pass-through=-lgcc_s -plugin-opt=-pass-through=-lgcc -plugin-opt=-pass-through=-lc -plugin-opt=-pass-through=-lgcc_s -plugin-opt=-pass-through=-lgcc --sysroot=/home/firstuser/.leaf/mangOH-yellow-wp77xx-toolchain_0.7.0-linux64/sysroots/armv7a-neon-poky-linux-gnueabi --build-id --eh-frame-hdr --hash-style=gnu -dynamic-linker /lib/ld-linux.so.3 -X -m armelf_linux_eabi -pie -o cmTC_13631 /home/firstuser/.leaf/mangOH-yellow-wp77xx-toolchain_0.7.0-linux64/sysroots/armv7a-neon-poky-linux-gnueabi/usr/lib/Scrt1.o /home/firstuser/.leaf/mangOH-yellow-wp77xx-toolchain_0.7.0-linux64/sysroots/armv7a-neon-poky-linux-gnueabi/usr/lib/crti.o /home/firstuser/.leaf/mangOH-yellow-wp77xx-toolchain_0.7.0-linux64/sysroots/armv7a-neon-poky-linux-gnueabi/usr/lib/arm-poky-linux-gnueabi/7.3.0/crtbeginS.o -L/home/firstuser/.leaf/mangOH-yellow-wp77xx-toolchain_0.7.0-linux64/sysroots/x86_64-pokysdk-linux/usr/lib/arm-poky-linux-gnueabi/gcc/arm-poky-linux-gnueabi/7.3.0 -L/home/firstuser/.leaf/mangOH-yellow-wp77xx-toolchain_0.7.0-linux64/sysroots/armv7a-neon-poky-linux-gnueabi/lib -L/home/firstuser/.leaf/mangOH-yellow-wp77xx-toolchain_0.7.0-linux64/sysroots/armv7a-neon-poky-linux-gnueabi/usr/lib/arm-poky-linux-gnueabi/7.3.0 -L/home/firstuser/.leaf/mangOH-yellow-wp77xx-toolchain_0.7.0-linux64/sysroots/armv7a-neon-poky-linux-gnueabi/usr/lib -O1 --hash-style=gnu --as-needed CMakeFiles/cmTC_13631.dir/CMakeCXXCompilerABI.cpp.o -lstdc++ -lm -lgcc_s -lgcc -lc -lgcc_s -lgcc /home/firstuser/.leaf/mangOH-yellow-wp77xx-toolchain_0.7.0-linux64/sysroots/armv7a-neon-poky-linux-gnueabi/usr/lib/arm-poky-linux-gnueabi/7.3.0/crtendS.o /home/firstuser/.leaf/mangOH-yellow-wp77xx-toolchain_0.7.0-linux64/sysroots/armv7a-neon-poky-linux-gnueabi/usr/lib/crtn.o
COLLECT_GCC_OPTIONS='--sysroot=/home/firstuser/.leaf/mangOH-yellow-wp77xx-toolchain_0.7.0-linux64/sysroots/armv7a-neon-poky-linux-gnueabi' '-march=armv7-a' '-mfpu=neon' '-mfloat-abi=softfp' '-D' 'SIERRA' '-O2' '-pipe' '-g' '-feliminate-unused-debug-types' '-v' '-o' 'cmTC_13631' '-shared-libgcc' '-mtls-dialect=gnu'


Parsed CXX implicit link information from above output:
  link line regex: [^( *|.*[/\])(ld|CMAKE_LINK_STARTFILE-NOTFOUND|([^/\]+-)?ld|collect2)[^/\]*( |$)]
  ignore line: [Change Dir: /home/firstuser/myWorkspace/mangOH/build/yellow_wp77xx/component/1c5125710c695d91642c59c5a4580863/CMakeFiles/CMakeTmp]
  ignore line: []
  ignore line: [Run Build Command:"/usr/bin/ninja" "cmTC_13631"]
  ignore line: [[1/2] Building CXX object CMakeFiles/cmTC_13631.dir/CMakeCXXCompilerABI.cpp.o]
  ignore line: [[2/2] Linking CXX executable cmTC_13631]
  ignore line: [Using built-in specs.]
  ignore line: [COLLECT_GCC=/home/firstuser/.leaf/mangOH-yellow-wp77xx-toolchain_0.7.0-linux64/sysroots/x86_64-pokysdk-linux/usr/bin/arm-poky-linux-gnueabi/arm-poky-linux-gnueabi-g++]
  ignore line: [COLLECT_LTO_WRAPPER=/home/firstuser/.leaf/mangOH-yellow-wp77xx-toolchain_0.7.0-linux64/sysroots/x86_64-pokysdk-linux/usr/libexec/arm-poky-linux-gnueabi/gcc/arm-poky-linux-gnueabi/7.3.0/lto-wrapper]
  ignore line: [Target: arm-poky-linux-gnueabi]
  ignore line: [Configured with: ../../../../../../work-shared/gcc-7.3.0-r0/gcc-7.3.0/configure --build=x86_64-linux --host=x86_64-pokysdk-linux --target=arm-poky-linux-gnueabi --prefix=/opt/swi/y25-ext/sysroots/x86_64-pokysdk-linux/usr --exec_prefix=/opt/swi/y25-ext/sysroots/x86_64-pokysdk-linux/usr --bindir=/opt/swi/y25-ext/sysroots/x86_64-pokysdk-linux/usr/bin/arm-poky-linux-gnueabi --sbindir=/opt/swi/y25-ext/sysroots/x86_64-pokysdk-linux/usr/bin/arm-poky-linux-gnueabi --libexecdir=/opt/swi/y25-ext/sysroots/x86_64-pokysdk-linux/usr/libexec/arm-poky-linux-gnueabi --datadir=/opt/swi/y25-ext/sysroots/x86_64-pokysdk-linux/usr/share --sysconfdir=/opt/swi/y25-ext/sysroots/x86_64-pokysdk-linux/etc --sharedstatedir=/opt/swi/y25-ext/sysroots/x86_64-pokysdk-linux/com --localstatedir=/opt/swi/y25-ext/sysroots/x86_64-pokysdk-linux/var --libdir=/opt/swi/y25-ext/sysroots/x86_64-pokysdk-linux/usr/lib/arm-poky-linux-gnueabi --includedir=/opt/swi/y25-ext/sysroots/x86_64-pokysdk-linux/usr/include --oldincludedir=/opt/swi/y25-ext/sysroots/x86_64-pokysdk-linux/usr/include --infodir=/opt/swi/y25-ext/sysroots/x86_64-pokysdk-linux/usr/share/info --mandir=/opt/swi/y25-ext/sysroots/x86_64-pokysdk-linux/usr/share/man --disable-silent-rules --disable-dependency-tracking --with-libtool-sysroot=/home/asyal/mangOH_release/build/yocto-yellow-wp77xx/build_bin/tmp/work/x86_64-nativesdk-pokysdk-linux/gcc-cross-canadian-arm/7.3.0-r0/recipe-sysroot --with-gnu-ld --enable-shared --enable-languages=c,c++ --enable-threads=posix --enable-multilib --enable-default-pie --enable-c99 --enable-long-long --enable-symvers=gnu --enable-libstdcxx-pch --program-prefix=arm-poky-linux-gnueabi- --without-local-prefix --enable-lto --enable-libssp --enable-libitm --disable-bootstrap --disable-libmudflap --with-system-zlib --with-linker-hash-style=gnu --enable-linker-build-id --with-ppl=no --with-cloog=no --enable-checking=release --enable-cheaders=c_global --without-isl --with-gxx-include-dir=/not/exist/usr/include/c++/7.3.0 --with-build-time-tools=/home/asyal/mangOH_release/build/yocto-yellow-wp77xx/build_bin/tmp/work/x86_64-nativesdk-pokysdk-linux/gcc-cross-canadian-arm/7.3.0-r0/recipe-sysroot-native/usr/arm-poky-linux-gnueabi/bin --with-sysroot=/not/exist --with-build-sysroot=/home/asyal/mangOH_release/build/yocto-yellow-wp77xx/build_bin/tmp/work/x86_64-nativesdk-pokysdk-linux/gcc-cross-canadian-arm/7.3.0-r0/recipe-sysroot --without-long-double-128 --enable-poison-system-directories --with-mpfr=/home/asyal/mangOH_release/build/yocto-yellow-wp77xx/build_bin/tmp/work/x86_64-nativesdk-pokysdk-linux/gcc-cross-canadian-arm/7.3.0-r0/recipe-sysroot --with-mpc=/home/asyal/mangOH_release/build/yocto-yellow-wp77xx/build_bin/tmp/work/x86_64-nativesdk-pokysdk-linux/gcc-cross-canadian-arm/7.3.0-r0/recipe-sysroot --disable-static --enable-nls --enable-initfini-array]
  ignore line: [Thread model: posix]
  ignore line: [gcc version 7.3.0 (GCC) ]
  ignore line: [COMPILER_PATH=/home/firstuser/.leaf/mangOH-yellow-wp77xx-toolchain_0.7.0-linux64/sysroots/x86_64-pokysdk-linux/usr/libexec/arm-poky-linux-gnueabi/gcc/arm-poky-linux-gnueabi/7.3.0/:/home/firstuser/.leaf/mangOH-yellow-wp77xx-toolchain_0.7.0-linux64/sysroots/x86_64-pokysdk-linux/usr/libexec/arm-poky-linux-gnueabi/gcc/arm-poky-linux-gnueabi/7.3.0/:/home/firstuser/.leaf/mangOH-yellow-wp77xx-toolchain_0.7.0-linux64/sysroots/x86_64-pokysdk-linux/usr/libexec/arm-poky-linux-gnueabi/gcc/arm-poky-linux-gnueabi/:/home/firstuser/.leaf/mangOH-yellow-wp77xx-toolchain_0.7.0-linux64/sysroots/x86_64-pokysdk-linux/usr/lib/arm-poky-linux-gnueabi/gcc/arm-poky-linux-gnueabi/7.3.0/:/home/firstuser/.leaf/mangOH-yellow-wp77xx-toolchain_0.7.0-linux64/sysroots/x86_64-pokysdk-linux/usr/lib/arm-poky-linux-gnueabi/gcc/arm-poky-linux-gnueabi/]
  ignore line: [LIBRARY_PATH=/home/firstuser/.leaf/mangOH-yellow-wp77xx-toolchain_0.7.0-linux64/sysroots/x86_64-pokysdk-linux/usr/lib/arm-poky-linux-gnueabi/gcc/arm-poky-linux-gnueabi/7.3.0/:/home/firstuser/.leaf/mangOH-yellow-wp77xx-toolchain_0.7.0-linux64/sysroots/armv7a-neon-poky-linux-gnueabi/lib/:/home/firstuser/.leaf/mangOH-yellow-wp77xx-toolchain_0.7.0-linux64/sysroots/armv7a-neon-poky-linux-gnueabi/usr/lib/arm-poky-linux-gnueabi/7.3.0/:/home/firstuser/.leaf/mangOH-yellow-wp77xx-toolchain_0.7.0-linux64/sysroots/armv7a-neon-poky-linux-gnueabi/usr/lib/]
  ignore line: [COLLECT_GCC_OPTIONS='--sysroot=/home/firstuser/.leaf/mangOH-yellow-wp77xx-toolchain_0.7.0-linux64/sysroots/armv7a-neon-poky-linux-gnueabi' '-march=armv7-a' '-mfpu=neon' '-mfloat-abi=softfp' '-D' 'SIERRA' '-O2' '-pipe' '-g' '-feliminate-unused-debug-types' '-v' '-o' 'cmTC_13631' '-shared-libgcc' '-mtls-dialect=gnu']
  link line: [ /home/firstuser/.leaf/mangOH-yellow-wp77xx-toolchain_0.7.0-linux64/sysroots/x86_64-pokysdk-linux/usr/libexec/arm-poky-linux-gnueabi/gcc/arm-poky-linux-gnueabi/7.3.0/collect2 -plugin /home/firstuser/.leaf/mangOH-yellow-wp77xx-toolchain_0.7.0-linux64/sysroots/x86_64-pokysdk-linux/usr/libexec/arm-poky-linux-gnueabi/gcc/arm-poky-linux-gnueabi/7.3.0/liblto_plugin.so -plugin-opt=/home/firstuser/.leaf/mangOH-yellow-wp77xx-toolchain_0.7.0-linux64/sysroots/x86_64-pokysdk-linux/usr/libexec/arm-poky-linux-gnueabi/gcc/arm-poky-linux-gnueabi/7.3.0/lto-wrapper -plugin-opt=-fresolution=/tmp/ccbSVavR.res -plugin-opt=-pass-through=-lgcc_s -plugin-opt=-pass-through=-lgcc -plugin-opt=-pass-through=-lc -plugin-opt=-pass-through=-lgcc_s -plugin-opt=-pass-through=-lgcc --sysroot=/home/firstuser/.leaf/mangOH-yellow-wp77xx-toolchain_0.7.0-linux64/sysroots/armv7a-neon-poky-linux-gnueabi --build-id --eh-frame-hdr --hash-style=gnu -dynamic-linker /lib/ld-linux.so.3 -X -m armelf_linux_eabi -pie -o cmTC_13631 /home/firstuser/.leaf/mangOH-yellow-wp77xx-toolchain_0.7.0-linux64/sysroots/armv7a-neon-poky-linux-gnueabi/usr/lib/Scrt1.o /home/firstuser/.leaf/mangOH-yellow-wp77xx-toolchain_0.7.0-linux64/sysroots/armv7a-neon-poky-linux-gnueabi/usr/lib/crti.o /home/firstuser/.leaf/mangOH-yellow-wp77xx-toolchain_0.7.0-linux64/sysroots/armv7a-neon-poky-linux-gnueabi/usr/lib/arm-poky-linux-gnueabi/7.3.0/crtbeginS.o -L/home/firstuser/.leaf/mangOH-yellow-wp77xx-toolchain_0.7.0-linux64/sysroots/x86_64-pokysdk-linux/usr/lib/arm-poky-linux-gnueabi/gcc/arm-poky-linux-gnueabi/7.3.0 -L/home/firstuser/.leaf/mangOH-yellow-wp77xx-toolchain_0.7.0-linux64/sysroots/armv7a-neon-poky-linux-gnueabi/lib -L/home/firstuser/.leaf/mangOH-yellow-wp77xx-toolchain_0.7.0-linux64/sysroots/armv7a-neon-poky-linux-gnueabi/usr/lib/arm-poky-linux-gnueabi/7.3.0 -L/home/firstuser/.leaf/mangOH-yellow-wp77xx-toolchain_0.7.0-linux64/sysroots/armv7a-neon-poky-linux-gnueabi/usr/lib -O1 --hash-style=gnu --as-needed CMakeFiles/cmTC_13631.dir/CMakeCXXCompilerABI.cpp.o -lstdc++ -lm -lgcc_s -lgcc -lc -lgcc_s -lgcc /home/firstuser/.leaf/mangOH-yellow-wp77xx-toolchain_0.7.0-linux64/sysroots/armv7a-neon-poky-linux-gnueabi/usr/lib/arm-poky-linux-gnueabi/7.3.0/crtendS.o /home/firstuser/.leaf/mangOH-yellow-wp77xx-toolchain_0.7.0-linux64/sysroots/armv7a-neon-poky-linux-gnueabi/usr/lib/crtn.o]
    arg [/home/firstuser/.leaf/mangOH-yellow-wp77xx-toolchain_0.7.0-linux64/sysroots/x86_64-pokysdk-linux/usr/libexec/arm-poky-linux-gnueabi/gcc/arm-poky-linux-gnueabi/7.3.0/collect2] ==> ignore
    arg [-plugin] ==> ignore
    arg [/home/firstuser/.leaf/mangOH-yellow-wp77xx-toolchain_0.7.0-linux64/sysroots/x86_64-pokysdk-linux/usr/libexec/arm-poky-linux-gnueabi/gcc/arm-poky-linux-gnueabi/7.3.0/liblto_plugin.so] ==> ignore
    arg [-plugin-opt=/home/firstuser/.leaf/mangOH-yellow-wp77xx-toolchain_0.7.0-linux64/sysroots/x86_64-pokysdk-linux/usr/libexec/arm-poky-linux-gnueabi/gcc/arm-poky-linux-gnueabi/7.3.0/lto-wrapper] ==> ignore
    arg [-plugin-opt=-fresolution=/tmp/ccbSVavR.res] ==> ignore
    arg [-plugin-opt=-pass-through=-lgcc_s] ==> ignore
    arg [-plugin-opt=-pass-through=-lgcc] ==> ignore
    arg [-plugin-opt=-pass-through=-lc] ==> ignore
    arg [-plugin-opt=-pass-through=-lgcc_s] ==> ignore
    arg [-plugin-opt=-pass-through=-lgcc] ==> ignore
    arg [--sysroot=/home/firstuser/.leaf/mangOH-yellow-wp77xx-toolchain_0.7.0-linux64/sysroots/armv7a-neon-poky-linux-gnueabi] ==> ignore
    arg [--build-id] ==> ignore
    arg [--eh-frame-hdr] ==> ignore
    arg [--hash-style=gnu] ==> ignore
    arg [-dynamic-linker] ==> ignore
    arg [/lib/ld-linux.so.3] ==> ignore
    arg [-X] ==> ignore
    arg [-m] ==> ignore
    arg [armelf_linux_eabi] ==> ignore
    arg [-pie] ==> ignore
    arg [-o] ==> ignore
    arg [cmTC_13631] ==> ignore
    arg [/home/firstuser/.leaf/mangOH-yellow-wp77xx-toolchain_0.7.0-linux64/sysroots/armv7a-neon-poky-linux-gnueabi/usr/lib/Scrt1.o] ==> ignore
    arg [/home/firstuser/.leaf/mangOH-yellow-wp77xx-toolchain_0.7.0-linux64/sysroots/armv7a-neon-poky-linux-gnueabi/usr/lib/crti.o] ==> ignore
    arg [/home/firstuser/.leaf/mangOH-yellow-wp77xx-toolchain_0.7.0-linux64/sysroots/armv7a-neon-poky-linux-gnueabi/usr/lib/arm-poky-linux-gnueabi/7.3.0/crtbeginS.o] ==> ignore
    arg [-L/home/firstuser/.leaf/mangOH-yellow-wp77xx-toolchain_0.7.0-linux64/sysroots/x86_64-pokysdk-linux/usr/lib/arm-poky-linux-gnueabi/gcc/arm-poky-linux-gnueabi/7.3.0] ==> dir [/home/firstuser/.leaf/mangOH-yellow-wp77xx-toolchain_0.7.0-linux64/sysroots/x86_64-pokysdk-linux/usr/lib/arm-poky-linux-gnueabi/gcc/arm-poky-linux-gnueabi/7.3.0]
    arg [-L/home/firstuser/.leaf/mangOH-yellow-wp77xx-toolchain_0.7.0-linux64/sysroots/armv7a-neon-poky-linux-gnueabi/lib] ==> dir [/home/firstuser/.leaf/mangOH-yellow-wp77xx-toolchain_0.7.0-linux64/sysroots/armv7a-neon-poky-linux-gnueabi/lib]
    arg [-L/home/firstuser/.leaf/mangOH-yellow-wp77xx-toolchain_0.7.0-linux64/sysroots/armv7a-neon-poky-linux-gnueabi/usr/lib/arm-poky-linux-gnueabi/7.3.0] ==> dir [/home/firstuser/.leaf/mangOH-yellow-wp77xx-toolchain_0.7.0-linux64/sysroots/armv7a-neon-poky-linux-gnueabi/usr/lib/arm-poky-linux-gnueabi/7.3.0]
    arg [-L/home/firstuser/.leaf/mangOH-yellow-wp77xx-toolchain_0.7.0-linux64/sysroots/armv7a-neon-poky-linux-gnueabi/usr/lib] ==> dir [/home/firstuser/.leaf/mangOH-yellow-wp77xx-toolchain_0.7.0-linux64/sysroots/armv7a-neon-poky-linux-gnueabi/usr/lib]
    arg [-O1] ==> ignore
    arg [--hash-style=gnu] ==> ignore
    arg [--as-needed] ==> ignore
    arg [CMakeFiles/cmTC_13631.dir/CMakeCXXCompilerABI.cpp.o] ==> ignore
    arg [-lstdc++] ==> lib [stdc++]
    arg [-lm] ==> lib [m]
    arg [-lgcc_s] ==> lib [gcc_s]
    arg [-lgcc] ==> lib [gcc]
    arg [-lc] ==> lib [c]
    arg [-lgcc_s] ==> lib [gcc_s]
    arg [-lgcc] ==> lib [gcc]
    arg [/home/firstuser/.leaf/mangOH-yellow-wp77xx-toolchain_0.7.0-linux64/sysroots/armv7a-neon-poky-linux-gnueabi/usr/lib/arm-poky-linux-gnueabi/7.3.0/crtendS.o] ==> ignore
    arg [/home/firstuser/.leaf/mangOH-yellow-wp77xx-toolchain_0.7.0-linux64/sysroots/armv7a-neon-poky-linux-gnueabi/usr/lib/crtn.o] ==> ignore
  collapse library dir [/home/firstuser/.leaf/mangOH-yellow-wp77xx-toolchain_0.7.0-linux64/sysroots/x86_64-pokysdk-linux/usr/lib/arm-poky-linux-gnueabi/gcc/arm-poky-linux-gnueabi/7.3.0] ==> [/home/firstuser/.leaf/mangOH-yellow-wp77xx-toolchain_0.7.0-linux64/sysroots/x86_64-pokysdk-linux/usr/lib/arm-poky-linux-gnueabi/gcc/arm-poky-linux-gnueabi/7.3.0]
  collapse library dir [/home/firstuser/.leaf/mangOH-yellow-wp77xx-toolchain_0.7.0-linux64/sysroots/armv7a-neon-poky-linux-gnueabi/lib] ==> [/home/firstuser/.leaf/mangOH-yellow-wp77xx-toolchain_0.7.0-linux64/sysroots/armv7a-neon-poky-linux-gnueabi/lib]
  collapse library dir [/home/firstuser/.leaf/mangOH-yellow-wp77xx-toolchain_0.7.0-linux64/sysroots/armv7a-neon-poky-linux-gnueabi/usr/lib/arm-poky-linux-gnueabi/7.3.0] ==> [/home/firstuser/.leaf/mangOH-yellow-wp77xx-toolchain_0.7.0-linux64/sysroots/armv7a-neon-poky-linux-gnueabi/usr/lib/arm-poky-linux-gnueabi/7.3.0]
  collapse library dir [/home/firstuser/.leaf/mangOH-yellow-wp77xx-toolchain_0.7.0-linux64/sysroots/armv7a-neon-poky-linux-gnueabi/usr/lib] ==> [/home/firstuser/.leaf/mangOH-yellow-wp77xx-toolchain_0.7.0-linux64/sysroots/armv7a-neon-poky-linux-gnueabi/usr/lib]
  implicit libs: [stdc++;m;gcc_s;gcc;c;gcc_s;gcc]
  implicit dirs: [/home/firstuser/.leaf/mangOH-yellow-wp77xx-toolchain_0.7.0-linux64/sysroots/x86_64-pokysdk-linux/usr/lib/arm-poky-linux-gnueabi/gcc/arm-poky-linux-gnueabi/7.3.0;/home/firstuser/.leaf/mangOH-yellow-wp77xx-toolchain_0.7.0-linux64/sysroots/armv7a-neon-poky-linux-gnueabi/lib;/home/firstuser/.leaf/mangOH-yellow-wp77xx-toolchain_0.7.0-linux64/sysroots/armv7a-neon-poky-linux-gnueabi/usr/lib/arm-poky-linux-gnueabi/7.3.0;/home/firstuser/.leaf/mangOH-yellow-wp77xx-toolchain_0.7.0-linux64/sysroots/armv7a-neon-poky-linux-gnueabi/usr/lib]
  implicit fwks: []




Detecting CXX [-std=c++1z] compiler features compiled with the following output:
Change Dir: /home/firstuser/myWorkspace/mangOH/build/yellow_wp77xx/component/1c5125710c695d91642c59c5a4580863/CMakeFiles/CMakeTmp

Run Build Command:"/usr/bin/ninja" "cmTC_2cb62"
[1/2] Building CXX object CMakeFiles/cmTC_2cb62.dir/feature_tests.cxx.o
[2/2] Linking CXX executable cmTC_2cb62


    Feature record: CXX_FEATURE:1cxx_aggregate_default_initializers
    Feature record: CXX_FEATURE:1cxx_alias_templates
    Feature record: CXX_FEATURE:1cxx_alignas
    Feature record: CXX_FEATURE:1cxx_alignof
    Feature record: CXX_FEATURE:1cxx_attributes
    Feature record: CXX_FEATURE:1cxx_attribute_deprecated
    Feature record: CXX_FEATURE:1cxx_auto_type
    Feature record: CXX_FEATURE:1cxx_binary_literals
    Feature record: CXX_FEATURE:1cxx_constexpr
    Feature record: CXX_FEATURE:1cxx_contextual_conversions
    Feature record: CXX_FEATURE:1cxx_decltype
    Feature record: CXX_FEATURE:1cxx_decltype_auto
    Feature record: CXX_FEATURE:1cxx_decltype_incomplete_return_types
    Feature record: CXX_FEATURE:1cxx_default_function_template_args
    Feature record: CXX_FEATURE:1cxx_defaulted_functions
    Feature record: CXX_FEATURE:1cxx_defaulted_move_initializers
    Feature record: CXX_FEATURE:1cxx_delegating_constructors
    Feature record: CXX_FEATURE:1cxx_deleted_functions
    Feature record: CXX_FEATURE:1cxx_digit_separators
    Feature record: CXX_FEATURE:1cxx_enum_forward_declarations
    Feature record: CXX_FEATURE:1cxx_explicit_conversions
    Feature record: CXX_FEATURE:1cxx_extended_friend_declarations
    Feature record: CXX_FEATURE:1cxx_extern_templates
    Feature record: CXX_FEATURE:1cxx_final
    Feature record: CXX_FEATURE:1cxx_func_identifier
    Feature record: CXX_FEATURE:1cxx_generalized_initializers
    Feature record: CXX_FEATURE:1cxx_generic_lambdas
    Feature record: CXX_FEATURE:1cxx_inheriting_constructors
    Feature record: CXX_FEATURE:1cxx_inline_namespaces
    Feature record: CXX_FEATURE:1cxx_lambdas
    Feature record: CXX_FEATURE:1cxx_lambda_init_captures
    Feature record: CXX_FEATURE:1cxx_local_type_template_args
    Feature record: CXX_FEATURE:1cxx_long_long_type
    Feature record: CXX_FEATURE:1cxx_noexcept
    Feature record: CXX_FEATURE:1cxx_nonstatic_member_init
    Feature record: CXX_FEATURE:1cxx_nullptr
    Feature record: CXX_FEATURE:1cxx_override
    Feature record: CXX_FEATURE:1cxx_range_for
    Feature record: CXX_FEATURE:1cxx_raw_string_literals
    Feature record: CXX_FEATURE:1cxx_reference_qualified_functions
    Feature record: CXX_FEATURE:1cxx_relaxed_constexpr
    Feature record: CXX_FEATURE:1cxx_return_type_deduction
    Feature record: CXX_FEATURE:1cxx_right_angle_brackets
    Feature record: CXX_FEATURE:1cxx_rvalue_references
    Feature record: CXX_FEATURE:1cxx_sizeof_member
    Feature record: CXX_FEATURE:1cxx_static_assert
    Feature record: CXX_FEATURE:1cxx_strong_enums
    Feature record: CXX_FEATURE:1cxx_template_template_parameters
    Feature record: CXX_FEATURE:1cxx_thread_local
    Feature record: CXX_FEATURE:1cxx_trailing_return_types
    Feature record: CXX_FEATURE:1cxx_unicode_literals
    Feature record: CXX_FEATURE:1cxx_uniform_initialization
    Feature record: CXX_FEATURE:1cxx_unrestricted_unions
    Feature record: CXX_FEATURE:1cxx_user_literals
    Feature record: CXX_FEATURE:1cxx_variable_templates
    Feature record: CXX_FEATURE:1cxx_variadic_macros
    Feature record: CXX_FEATURE:1cxx_variadic_templates


Detecting CXX [-std=c++14] compiler features compiled with the following output:
Change Dir: /home/firstuser/myWorkspace/mangOH/build/yellow_wp77xx/component/1c5125710c695d91642c59c5a4580863/CMakeFiles/CMakeTmp

Run Build Command:"/usr/bin/ninja" "cmTC_393e1"
[1/2] Building CXX object CMakeFiles/cmTC_393e1.dir/feature_tests.cxx.o
[2/2] Linking CXX executable cmTC_393e1


    Feature record: CXX_FEATURE:1cxx_aggregate_default_initializers
    Feature record: CXX_FEATURE:1cxx_alias_templates
    Feature record: CXX_FEATURE:1cxx_alignas
    Feature record: CXX_FEATURE:1cxx_alignof
    Feature record: CXX_FEATURE:1cxx_attributes
    Feature record: CXX_FEATURE:1cxx_attribute_deprecated
    Feature record: CXX_FEATURE:1cxx_auto_type
    Feature record: CXX_FEATURE:1cxx_binary_literals
    Feature record: CXX_FEATURE:1cxx_constexpr
    Feature record: CXX_FEATURE:1cxx_contextual_conversions
    Feature record: CXX_FEATURE:1cxx_decltype
    Feature record: CXX_FEATURE:1cxx_decltype_auto
    Feature record: CXX_FEATURE:1cxx_decltype_incomplete_return_types
    Feature record: CXX_FEATURE:1cxx_default_function_template_args
    Feature record: CXX_FEATURE:1cxx_defaulted_functions
    Feature record: CXX_FEATURE:1cxx_defaulted_move_initializers
    Feature record: CXX_FEATURE:1cxx_delegating_constructors
    Feature record: CXX_FEATURE:1cxx_deleted_functions
    Feature record: CXX_FEATURE:1cxx_digit_separators
    Feature record: CXX_FEATURE:1cxx_enum_forward_declarations
    Feature record: CXX_FEATURE:1cxx_explicit_conversions
    Feature record: CXX_FEATURE:1cxx_extended_friend_declarations
    Feature record: CXX_FEATURE:1cxx_extern_templates
    Feature record: CXX_FEATURE:1cxx_final
    Feature record: CXX_FEATURE:1cxx_func_identifier
    Feature record: CXX_FEATURE:1cxx_generalized_initializers
    Feature record: CXX_FEATURE:1cxx_generic_lambdas
    Feature record: CXX_FEATURE:1cxx_inheriting_constructors
    Feature record: CXX_FEATURE:1cxx_inline_namespaces
    Feature record: CXX_FEATURE:1cxx_lambdas
    Feature record: CXX_FEATURE:1cxx_lambda_init_captures
    Feature record: CXX_FEATURE:1cxx_local_type_template_args
    Feature record: CXX_FEATURE:1cxx_long_long_type
    Feature record: CXX_FEATURE:1cxx_noexcept
    Feature record: CXX_FEATURE:1cxx_nonstatic_member_init
    Feature record: CXX_FEATURE:1cxx_nullptr
    Feature record: CXX_FEATURE:1cxx_override
    Feature record: CXX_FEATURE:1cxx_range_for
    Feature record: CXX_FEATURE:1cxx_raw_string_literals
    Feature record: CXX_FEATURE:1cxx_reference_qualified_functions
    Feature record: CXX_FEATURE:1cxx_relaxed_constexpr
    Feature record: CXX_FEATURE:1cxx_return_type_deduction
    Feature record: CXX_FEATURE:1cxx_right_angle_brackets
    Feature record: CXX_FEATURE:1cxx_rvalue_references
    Feature record: CXX_FEATURE:1cxx_sizeof_member
    Feature record: CXX_FEATURE:1cxx_static_assert
    Feature record: CXX_FEATURE:1cxx_strong_enums
    Feature record: CXX_FEATURE:1cxx_template_template_parameters
    Feature record: CXX_FEATURE:1cxx_thread_local
    Feature record: CXX_FEATURE:1cxx_trailing_return_types
    Feature record: CXX_FEATURE:1cxx_unicode_literals
    Feature record: CXX_FEATURE:1cxx_uniform_initialization
    Feature record: CXX_FEATURE:1cxx_unrestricted_unions
    Feature record: CXX_FEATURE:1cxx_user_literals
    Feature record: CXX_FEATURE:1cxx_variable_templates
    Feature record: CXX_FEATURE:1cxx_variadic_macros
    Feature record: CXX_FEATURE:1cxx_variadic_templates


Detecting CXX [-std=c++11] compiler features compiled with the following output:
Change Dir: /home/firstuser/myWorkspace/mangOH/build/yellow_wp77xx/component/1c5125710c695d91642c59c5a4580863/CMakeFiles/CMakeTmp

Run Build Command:"/usr/bin/ninja" "cmTC_047f9"
[1/2] Building CXX object CMakeFiles/cmTC_047f9.dir/feature_tests.cxx.o
[2/2] Linking CXX executable cmTC_047f9


    Feature record: CXX_FEATURE:0cxx_aggregate_default_initializers
    Feature record: CXX_FEATURE:1cxx_alias_templates
    Feature record: CXX_FEATURE:1cxx_alignas
    Feature record: CXX_FEATURE:1cxx_alignof
    Feature record: CXX_FEATURE:1cxx_attributes
    Feature record: CXX_FEATURE:0cxx_attribute_deprecated
    Feature record: CXX_FEATURE:1cxx_auto_type
    Feature record: CXX_FEATURE:0cxx_binary_literals
    Feature record: CXX_FEATURE:1cxx_constexpr
    Feature record: CXX_FEATURE:0cxx_contextual_conversions
    Feature record: CXX_FEATURE:1cxx_decltype
    Feature record: CXX_FEATURE:0cxx_decltype_auto
    Feature record: CXX_FEATURE:1cxx_decltype_incomplete_return_types
    Feature record: CXX_FEATURE:1cxx_default_function_template_args
    Feature record: CXX_FEATURE:1cxx_defaulted_functions
    Feature record: CXX_FEATURE:1cxx_defaulted_move_initializers
    Feature record: CXX_FEATURE:1cxx_delegating_constructors
    Feature record: CXX_FEATURE:1cxx_deleted_functions
    Feature record: CXX_FEATURE:0cxx_digit_separators
    Feature record: CXX_FEATURE:1cxx_enum_forward_declarations
    Feature record: CXX_FEATURE:1cxx_explicit_conversions
    Feature record: CXX_FEATURE:1cxx_extended_friend_declarations
    Feature record: CXX_FEATURE:1cxx_extern_templates
    Feature record: CXX_FEATURE:1cxx_final
    Feature record: CXX_FEATURE:1cxx_func_identifier
    Feature record: CXX_FEATURE:1cxx_generalized_initializers
    Feature record: CXX_FEATURE:0cxx_generic_lambdas
    Feature record: CXX_FEATURE:1cxx_inheriting_constructors
    Feature record: CXX_FEATURE:1cxx_inline_namespaces
    Feature record: CXX_FEATURE:1cxx_lambdas
    Feature record: CXX_FEATURE:0cxx_lambda_init_captures
    Feature record: CXX_FEATURE:1cxx_local_type_template_args
    Feature record: CXX_FEATURE:1cxx_long_long_type
    Feature record: CXX_FEATURE:1cxx_noexcept
    Feature record: CXX_FEATURE:1cxx_nonstatic_member_init
    Feature record: CXX_FEATURE:1cxx_nullptr
    Feature record: CXX_FEATURE:1cxx_override
    Feature record: CXX_FEATURE:1cxx_range_for
    Feature record: CXX_FEATURE:1cxx_raw_string_literals
    Feature record: CXX_FEATURE:1cxx_reference_qualified_functions
    Feature record: CXX_FEATURE:0cxx_relaxed_constexpr
    Feature record: CXX_FEATURE:0cxx_return_type_deduction
    Feature record: CXX_FEATURE:1cxx_right_angle_brackets
    Feature record: CXX_FEATURE:1cxx_rvalue_references
    Feature record: CXX_FEATURE:1cxx_sizeof_member
    Feature record: CXX_FEATURE:1cxx_static_assert
    Feature record: CXX_FEATURE:1cxx_strong_enums
    Feature record: CXX_FEATURE:1cxx_template_template_parameters
    Feature record: CXX_FEATURE:1cxx_thread_local
    Feature record: CXX_FEATURE:1cxx_trailing_return_types
    Feature record: CXX_FEATURE:1cxx_unicode_literals
    Feature record: CXX_FEATURE:1cxx_uniform_initialization
    Feature record: CXX_FEATURE:1cxx_unrestricted_unions
    Feature record: CXX_FEATURE:1cxx_user_literals
    Feature record: CXX_FEATURE:0cxx_variable_templates
    Feature record: CXX_FEATURE:1cxx_variadic_macros
    Feature record: CXX_FEATURE:1cxx_variadic_templates


Detecting CXX [-std=c++98] compiler features compiled with the following output:
Change Dir: /home/firstuser/myWorkspace/mangOH/build/yellow_wp77xx/component/1c5125710c695d91642c59c5a4580863/CMakeFiles/CMakeTmp

Run Build Command:"/usr/bin/ninja" "cmTC_96906"
[1/2] Building CXX object CMakeFiles/cmTC_96906.dir/feature_tests.cxx.o
[2/2] Linking CXX executable cmTC_96906


    Feature record: CXX_FEATURE:0cxx_aggregate_default_initializers
    Feature record: CXX_FEATURE:0cxx_alias_templates
    Feature record: CXX_FEATURE:0cxx_alignas
    Feature record: CXX_FEATURE:0cxx_alignof
    Feature record: CXX_FEATURE:0cxx_attributes
    Feature record: CXX_FEATURE:0cxx_attribute_deprecated
    Feature record: CXX_FEATURE:0cxx_auto_type
    Feature record: CXX_FEATURE:0cxx_binary_literals
    Feature record: CXX_FEATURE:0cxx_constexpr
    Feature record: CXX_FEATURE:0cxx_contextual_conversions
    Feature record: CXX_FEATURE:0cxx_decltype
    Feature record: CXX_FEATURE:0cxx_decltype_auto
    Feature record: CXX_FEATURE:0cxx_decltype_incomplete_return_types
    Feature record: CXX_FEATURE:0cxx_default_function_template_args
    Feature record: CXX_FEATURE:0cxx_defaulted_functions
    Feature record: CXX_FEATURE:0cxx_defaulted_move_initializers
    Feature record: CXX_FEATURE:0cxx_delegating_constructors
    Feature record: CXX_FEATURE:0cxx_deleted_functions
    Feature record: CXX_FEATURE:0cxx_digit_separators
    Feature record: CXX_FEATURE:0cxx_enum_forward_declarations
    Feature record: CXX_FEATURE:0cxx_explicit_conversions
    Feature record: CXX_FEATURE:0cxx_extended_friend_declarations
    Feature record: CXX_FEATURE:0cxx_extern_templates
    Feature record: CXX_FEATURE:0cxx_final
    Feature record: CXX_FEATURE:0cxx_func_identifier
    Feature record: CXX_FEATURE:0cxx_generalized_initializers
    Feature record: CXX_FEATURE:0cxx_generic_lambdas
    Feature record: CXX_FEATURE:0cxx_inheriting_constructors
    Feature record: CXX_FEATURE:0cxx_inline_namespaces
    Feature record: CXX_FEATURE:0cxx_lambdas
    Feature record: CXX_FEATURE:0cxx_lambda_init_captures
    Feature record: CXX_FEATURE:0cxx_local_type_template_args
    Feature record: CXX_FEATURE:0cxx_long_long_type
    Feature record: CXX_FEATURE:0cxx_noexcept
    Feature record: CXX_FEATURE:0cxx_nonstatic_member_init
    Feature record: CXX_FEATURE:0cxx_nullptr
    Feature record: CXX_FEATURE:0cxx_override
    Feature record: CXX_FEATURE:0cxx_range_for
    Feature record: CXX_FEATURE:0cxx_raw_string_literals
    Feature record: CXX_FEATURE:0cxx_reference_qualified_functions
    Feature record: CXX_FEATURE:0cxx_relaxed_constexpr
    Feature record: CXX_FEATURE:0cxx_return_type_deduction
    Feature record: CXX_FEATURE:0cxx_right_angle_brackets
    Feature record: CXX_FEATURE:0cxx_rvalue_references
    Feature record: CXX_FEATURE:0cxx_sizeof_member
    Feature record: CXX_FEATURE:0cxx_static_assert
    Feature record: CXX_FEATURE:0cxx_strong_enums
    Feature record: CXX_FEATURE:1cxx_template_template_parameters
    Feature record: CXX_FEATURE:0cxx_thread_local
    Feature record: CXX_FEATURE:0cxx_trailing_return_types
    Feature record: CXX_FEATURE:0cxx_unicode_literals
    Feature record: CXX_FEATURE:0cxx_uniform_initialization
    Feature record: CXX_FEATURE:0cxx_unrestricted_unions
    Feature record: CXX_FEATURE:0cxx_user_literals
    Feature record: CXX_FEATURE:0cxx_variable_templates
    Feature record: CXX_FEATURE:0cxx_variadic_macros
    Feature record: CXX_FEATURE:0cxx_variadic_templates
